2024-05-23 07:32:45,200 [INFO] Activator:176 - 


2024-05-23 07:32:45,207 [INFO] Activator:177 - !SESSION log4j initialized
2024-05-23 07:32:52,247 [INFO] LogOutputStream:77 - [STDOUT_REDIRECT] 
2024-05-23 07:32:54,035 [INFO] ApplicationProperties:184 - Using Application install path: D:\Cube\STM32CubeIDE_1.15.1\STM32CubeIDE\plugins\com.st.stm32cube.common.mx_6.11.1.202404110753
2024-05-23 07:32:54,054 [INFO] DbMcusXml:78 - Set database path to: D:\Cube\STM32CubeIDE_1.15.1\STM32CubeIDE\plugins\com.st.stm32cube.common.mx_6.11.1.202404110753\\db\/mcu/
2024-05-23 07:32:54,054 [INFO] ApiDb:274 - Set plugin database path to: D:\Cube\STM32CubeIDE_1.15.1\STM32CubeIDE\plugins\com.st.stm32cube.common.mx_6.11.1.202404110753\\db\/plugins/boardmanager/
2024-05-23 07:32:54,055 [WARN] ApiDb:259 - Overriding images path with different value:  => D:\Cube\STM32CubeIDE_1.15.1\STM32CubeIDE\plugins\com.st.stm32cube.common.mx_6.11.1.202404110753\\db\/plugins/mcufinder/images/
2024-05-23 07:32:54,064 [INFO] ApiDb:250 - Set database path to: C:\Users\denlo\.stmcufinder\plugins\mcufinder//mcu/
2024-05-23 07:32:54,065 [INFO] DbMcusAds:125 - Set database path to: C:\Users\denlo\.stmcufinder\plugins\mcufinder//mcu/
2024-05-23 07:32:54,067 [INFO] CrossReferenceDbSqlite:203 - Set database path to: C:\Users\denlo\.stmcufinder\plugins\mcufinder//mcu/cs/
2024-05-23 07:32:54,200 [INFO] RulesReader:64 - Compatibility file has been processed (297 Rules)
2024-05-23 07:32:54,288 [INFO] DbMcusXml:78 - Set database path to: D:\Cube\STM32CubeIDE_1.15.1\STM32CubeIDE\plugins\com.st.stm32cube.common.mx_6.11.1.202404110753\\db\/mcu/
2024-05-23 07:32:54,289 [INFO] ApiDb:274 - Set plugin database path to: D:\Cube\STM32CubeIDE_1.15.1\STM32CubeIDE\plugins\com.st.stm32cube.common.mx_6.11.1.202404110753\\db\/plugins/boardmanager/
2024-05-23 07:32:54,289 [INFO] ApiDb:261 - Set plugin images path to: D:\Cube\STM32CubeIDE_1.15.1\STM32CubeIDE\plugins\com.st.stm32cube.common.mx_6.11.1.202404110753\\db\/plugins/mcufinder/images/
2024-05-23 07:32:54,289 [WARN] DbFile:41 - Overriding database path with different value: C:\Users\denlo\.stmcufinder\plugins\mcufinder/ => C:\Users\denlo\.stmcufinder\plugins\mcufinder
2024-05-23 07:32:54,289 [INFO] ApiDb:250 - Set database path to: C:\Users\denlo\.stmcufinder\plugins\mcufinder//mcu/
2024-05-23 07:32:54,289 [WARN] DbFile:41 - Overriding database path with different value: C:\Users\denlo\.stmcufinder\plugins\mcufinder/ => C:\Users\denlo\.stmcufinder\plugins\mcufinder
2024-05-23 07:32:54,289 [INFO] DbMcusAds:125 - Set database path to: C:\Users\denlo\.stmcufinder\plugins\mcufinder//mcu/
2024-05-23 07:32:54,289 [WARN] DbFile:41 - Overriding database path with different value: C:\Users\denlo\.stmcufinder\plugins\mcufinder/ => C:\Users\denlo\.stmcufinder\plugins\mcufinder
2024-05-23 07:32:54,289 [WARN] DbFile:41 - Overriding database path with different value: C:\Users\denlo\.stmcufinder\plugins\mcufinder/ => C:\Users\denlo\.stmcufinder\plugins\mcufinder
2024-05-23 07:32:54,290 [INFO] CrossReferenceDbSqlite:203 - Set database path to: C:\Users\denlo\.stmcufinder\plugins\mcufinder//mcu/cs/
2024-05-23 07:32:54,373 [INFO] MainPanel:264 - HeapMemory: 268435456
2024-05-23 07:32:54,476 [INFO] DbMcusXml:78 - Set database path to: D:\Cube\STM32CubeIDE_1.15.1\STM32CubeIDE\plugins\com.st.stm32cube.common.mx_6.11.1.202404110753\\db\/mcu/
2024-05-23 07:32:54,476 [INFO] ApiDb:274 - Set plugin database path to: D:\Cube\STM32CubeIDE_1.15.1\STM32CubeIDE\plugins\com.st.stm32cube.common.mx_6.11.1.202404110753\\db\/plugins/boardmanager/
2024-05-23 07:32:54,476 [INFO] ApiDb:261 - Set plugin images path to: D:\Cube\STM32CubeIDE_1.15.1\STM32CubeIDE\plugins\com.st.stm32cube.common.mx_6.11.1.202404110753\\db\/plugins/mcufinder/images/
2024-05-23 07:32:54,476 [WARN] DbFile:41 - Overriding database path with different value: C:\Users\denlo\.stmcufinder\plugins\mcufinder/ => C:\Users\denlo\.stmcufinder\plugins\mcufinder
2024-05-23 07:32:54,476 [INFO] ApiDb:250 - Set database path to: C:\Users\denlo\.stmcufinder\plugins\mcufinder//mcu/
2024-05-23 07:32:54,476 [WARN] DbFile:41 - Overriding database path with different value: C:\Users\denlo\.stmcufinder\plugins\mcufinder/ => C:\Users\denlo\.stmcufinder\plugins\mcufinder
2024-05-23 07:32:54,477 [INFO] DbMcusAds:125 - Set database path to: C:\Users\denlo\.stmcufinder\plugins\mcufinder//mcu/
2024-05-23 07:32:54,477 [WARN] DbFile:41 - Overriding database path with different value: C:\Users\denlo\.stmcufinder\plugins\mcufinder/ => C:\Users\denlo\.stmcufinder\plugins\mcufinder
2024-05-23 07:32:54,477 [WARN] DbFile:41 - Overriding database path with different value: C:\Users\denlo\.stmcufinder\plugins\mcufinder/ => C:\Users\denlo\.stmcufinder\plugins\mcufinder
2024-05-23 07:32:54,477 [INFO] CrossReferenceDbSqlite:203 - Set database path to: C:\Users\denlo\.stmcufinder\plugins\mcufinder//mcu/cs/
2024-05-23 07:32:54,497 [INFO] ApplicationProperties:184 - Using Application install path: D:\Cube\STM32CubeIDE_1.15.1\STM32CubeIDE\plugins\com.st.stm32cube.common.mx_6.11.1.202404110753
2024-05-23 07:32:54,499 [INFO] PluginManage:196 - Search for loadable plugins [exclusion list=, ]
2024-05-23 07:32:54,500 [INFO] PluginManage:310 - Check plugin analytics
2024-05-23 07:32:54,677 [INFO] AnalyticsPlugin:253 - Accepted Software Licenses: 
2024-05-23 07:32:54,677 [INFO] AnalyticsPlugin:255 - Accepted CMSIS Pack Licenses: 
2024-05-23 07:32:54,678 [INFO] AnalyticsPlugin:257 - Accepted Firmware Licenses: 
2024-05-23 07:32:54,680 [INFO] PluginManage:359 - Loaded plugin analytics (category:tool,tabindex:-1)
2024-05-23 07:32:54,680 [INFO] PluginManage:310 - Check plugin cadmodel
2024-05-23 07:32:54,697 [INFO] CADModel:105 - Init CAD model plugin
2024-05-23 07:32:54,698 [INFO] PluginManage:359 - Loaded plugin cadmodel (category:power,tabindex:5)
2024-05-23 07:32:54,698 [INFO] PluginManage:310 - Check plugin clock
2024-05-23 07:32:54,721 [INFO] PluginManage:359 - Loaded plugin clock (category:base,tabindex:2)
2024-05-23 07:32:54,721 [INFO] PluginManage:310 - Check plugin ddr
2024-05-23 07:32:54,724 [INFO] PluginManage:359 - Loaded plugin ddr (category:tool,tabindex:6)
2024-05-23 07:32:54,724 [INFO] PluginManage:310 - Check plugin filemanager
2024-05-23 07:32:54,881 [INFO] PluginManage:359 - Loaded plugin filemanager (category:base,tabindex:10)
2024-05-23 07:32:54,881 [INFO] PluginManage:310 - Check plugin ipmanager
2024-05-23 07:32:54,889 [INFO] PluginManage:359 - Loaded plugin ipmanager (category:base,tabindex:5)
2024-05-23 07:32:54,889 [INFO] PluginManage:310 - Check plugin lpbam
2024-05-23 07:32:54,909 [INFO] PluginManage:359 - Loaded plugin lpbam (category:base,tabindex:0)
2024-05-23 07:32:54,909 [INFO] PluginManage:310 - Check plugin memorymap
2024-05-23 07:32:54,933 [INFO] PluginManage:359 - Loaded plugin memorymap (category:base,tabindex:4)
2024-05-23 07:32:54,933 [INFO] PluginManage:310 - Check plugin pinoutandconfiguration
2024-05-23 07:32:54,951 [INFO] PluginManage:359 - Loaded plugin pinoutandconfiguration (category:base,tabindex:1)
2024-05-23 07:32:54,951 [INFO] PluginManage:310 - Check plugin pinoutconfig
2024-05-23 07:32:55,052 [WARN] SupportedApi:132 - Cannot load RTOS API schema: s4s-elt-must-match.1: The content of 'definitions' must match (annotation?, (simpleType | complexType)?, (unique | key | keyref)*)). A problem was found starting at: attribute.
2024-05-23 07:32:55,199 [INFO] PluginManage:359 - Loaded plugin pinoutconfig (category:base,tabindex:0)
2024-05-23 07:32:55,199 [INFO] PluginManage:310 - Check plugin power
2024-05-23 07:32:55,220 [INFO] PluginManage:359 - Loaded plugin power (category:power,tabindex:4)
2024-05-23 07:32:55,220 [INFO] PluginManage:310 - Check plugin projectmanager
2024-05-23 07:32:55,243 [INFO] PluginManage:359 - Loaded plugin projectmanager (category:projectmanager,tabindex:3)
2024-05-23 07:32:55,243 [INFO] PluginManage:310 - Check plugin thirdparty
2024-05-23 07:32:55,521 [INFO] PluginManage:359 - Loaded plugin thirdparty (category:base,tabindex:-1)
2024-05-23 07:32:55,522 [INFO] PluginManage:310 - Check plugin tools
2024-05-23 07:32:55,521 [WARN] IntegrityCheckThread:84 - waiting for thirdparty lock release [integrity check]
2024-05-23 07:32:55,522 [INFO] IntegrityCheckThread:86 - entering critical section [integrity check]
2024-05-23 07:32:55,522 [INFO] ThirdPartyUpdaterWithRetryManager:70 - Updater plugin not ready yet. [1/15]
2024-05-23 07:32:55,559 [INFO] PluginManage:359 - Loaded plugin tools (category:base,tabindex:7)
2024-05-23 07:32:55,560 [INFO] PluginManage:310 - Check plugin tutovideos
2024-05-23 07:32:55,758 [INFO] PluginManage:359 - Loaded plugin tutovideos (category:base,tabindex:-1)
2024-05-23 07:32:55,759 [INFO] PluginManage:310 - Check plugin updater
2024-05-23 07:32:55,769 [INFO] PluginManage:359 - Loaded plugin updater (category:base,tabindex:12)
2024-05-23 07:32:55,769 [INFO] PluginManage:310 - Check plugin userauth
2024-05-23 07:32:55,775 [INFO] UserAuth:114 - Init User Auth plugin
2024-05-23 07:32:55,775 [INFO] PluginManage:359 - Loaded plugin userauth (category:base,tabindex:14)
2024-05-23 07:32:55,776 [INFO] PluginManage:283 - PluginManage : Loaded plugins [17]
2024-05-23 07:32:56,019 [INFO] PinOutPanel:1561 - setPackage(No Configuration,No Configuration)
2024-05-23 07:32:56,116 [INFO] CADModel:165 - CPN selected for project level
2024-05-23 07:32:56,116 [INFO] CADModel:114 - Register for checkConnection events
2024-05-23 07:32:56,147 [INFO] IPUIPlugin:80 - create IPUIPlugin
2024-05-23 07:32:56,147 [INFO] PluginManager:220 - loadIPPluginJar : add adc
2024-05-23 07:32:56,187 [INFO] IPUIPlugin:80 - create IPUIPlugin
2024-05-23 07:32:56,187 [INFO] PluginManager:220 - loadIPPluginJar : add aes
2024-05-23 07:32:56,234 [INFO] IPUIPlugin:80 - create IPUIPlugin
2024-05-23 07:32:56,234 [INFO] PluginManager:220 - loadIPPluginJar : add can
2024-05-23 07:32:56,258 [INFO] IPUIPlugin:80 - create IPUIPlugin
2024-05-23 07:32:56,258 [INFO] PluginManager:220 - loadIPPluginJar : add comp
2024-05-23 07:32:56,296 [INFO] IPUIPlugin:80 - create IPUIPlugin
2024-05-23 07:32:56,296 [INFO] PluginManager:220 - loadIPPluginJar : add cryp
2024-05-23 07:32:56,328 [INFO] IPUIPlugin:80 - create IPUIPlugin
2024-05-23 07:32:56,328 [INFO] PluginManager:220 - loadIPPluginJar : add dfsdm
2024-05-23 07:32:56,342 [INFO] IPUIPlugin:80 - create IPUIPlugin
2024-05-23 07:32:56,343 [INFO] PluginManager:220 - loadIPPluginJar : add dma
2024-05-23 07:32:56,387 [INFO] IPUIPlugin:80 - create IPUIPlugin
2024-05-23 07:32:56,387 [INFO] PluginManager:220 - loadIPPluginJar : add dma3
2024-05-23 07:32:56,434 [INFO] IPUIPlugin:80 - create IPUIPlugin
2024-05-23 07:32:56,434 [INFO] PluginManager:220 - loadIPPluginJar : add extmemmanager
2024-05-23 07:32:56,455 [INFO] IPUIPlugin:80 - create IPUIPlugin
2024-05-23 07:32:56,455 [INFO] PluginManager:220 - loadIPPluginJar : add fatfs
2024-05-23 07:32:56,503 [INFO] IPUIPlugin:80 - create IPUIPlugin
2024-05-23 07:32:56,503 [INFO] PluginManager:220 - loadIPPluginJar : add fmc
2024-05-23 07:32:56,520 [INFO] IPUIPlugin:80 - create IPUIPlugin
2024-05-23 07:32:56,520 [INFO] PluginManager:220 - loadIPPluginJar : add freertos
2024-05-23 07:32:56,544 [INFO] IPUIPlugin:80 - create IPUIPlugin
2024-05-23 07:32:56,544 [INFO] PluginManager:220 - loadIPPluginJar : add genericplugin
2024-05-23 07:32:56,650 [INFO] IPUIPlugin:80 - create IPUIPlugin
2024-05-23 07:32:56,650 [INFO] PluginManager:220 - loadIPPluginJar : add gfxmmu
2024-05-23 07:32:56,780 [INFO] IPUIPlugin:80 - create IPUIPlugin
2024-05-23 07:32:56,780 [INFO] PluginManager:220 - loadIPPluginJar : add gic
2024-05-23 07:32:56,793 [INFO] IPUIPlugin:80 - create IPUIPlugin
2024-05-23 07:32:56,793 [INFO] PluginManager:220 - loadIPPluginJar : add gpio
2024-05-23 07:32:56,886 [INFO] IPUIPlugin:80 - create IPUIPlugin
2024-05-23 07:32:56,886 [INFO] PluginManager:220 - loadIPPluginJar : add gtzc
2024-05-23 07:32:56,918 [INFO] IPUIPlugin:80 - create IPUIPlugin
2024-05-23 07:32:56,918 [INFO] PluginManager:220 - loadIPPluginJar : add hash
2024-05-23 07:32:56,970 [INFO] IPUIPlugin:80 - create IPUIPlugin
2024-05-23 07:32:56,970 [INFO] PluginManager:220 - loadIPPluginJar : add i2c
2024-05-23 07:32:57,009 [INFO] IPUIPlugin:80 - create IPUIPlugin
2024-05-23 07:32:57,009 [INFO] PluginManager:220 - loadIPPluginJar : add i2s
2024-05-23 07:32:57,051 [INFO] IPUIPlugin:80 - create IPUIPlugin
2024-05-23 07:32:57,051 [INFO] PluginManager:220 - loadIPPluginJar : add i3c
2024-05-23 07:32:57,162 [INFO] IPUIPlugin:80 - create IPUIPlugin
2024-05-23 07:32:57,162 [INFO] PluginManager:220 - loadIPPluginJar : add ipddr
2024-05-23 07:32:57,256 [INFO] IPUIPlugin:80 - create IPUIPlugin
2024-05-23 07:32:57,257 [INFO] PluginManager:220 - loadIPPluginJar : add linkedlist
2024-05-23 07:32:57,292 [INFO] IPUIPlugin:80 - create IPUIPlugin
2024-05-23 07:32:57,293 [INFO] PluginManager:220 - loadIPPluginJar : add lorawan
2024-05-23 07:32:57,330 [INFO] IPUIPlugin:80 - create IPUIPlugin
2024-05-23 07:32:57,330 [INFO] PluginManager:220 - loadIPPluginJar : add ltdc
2024-05-23 07:32:57,345 [INFO] IPUIPlugin:80 - create IPUIPlugin
2024-05-23 07:32:57,345 [INFO] PluginManager:220 - loadIPPluginJar : add mdma
2024-05-23 07:32:57,357 [INFO] IPUIPlugin:80 - create IPUIPlugin
2024-05-23 07:32:57,357 [INFO] PluginManager:220 - loadIPPluginJar : add nvic
2024-05-23 07:32:57,393 [INFO] IPUIPlugin:80 - create IPUIPlugin
2024-05-23 07:32:57,393 [INFO] PluginManager:220 - loadIPPluginJar : add opamp
2024-05-23 07:32:57,455 [INFO] IPUIPlugin:80 - create IPUIPlugin
2024-05-23 07:32:57,456 [INFO] PluginManager:220 - loadIPPluginJar : add openamp
2024-05-23 07:32:57,497 [INFO] IPUIPlugin:80 - create IPUIPlugin
2024-05-23 07:32:57,497 [INFO] PluginManager:220 - loadIPPluginJar : add pdm2pcm
2024-05-23 07:32:57,512 [INFO] IPUIPlugin:80 - create IPUIPlugin
2024-05-23 07:32:57,514 [INFO] PluginManager:220 - loadIPPluginJar : add plateformsettings
2024-05-23 07:32:57,535 [INFO] IPUIPlugin:80 - create IPUIPlugin
2024-05-23 07:32:57,535 [INFO] PluginManager:220 - loadIPPluginJar : add quadspi
2024-05-23 07:32:57,548 [INFO] IPUIPlugin:80 - create IPUIPlugin
2024-05-23 07:32:57,548 [INFO] PluginManager:220 - loadIPPluginJar : add resmgrutility
2024-05-23 07:32:57,600 [INFO] IPUIPlugin:80 - create IPUIPlugin
2024-05-23 07:32:57,600 [INFO] PluginManager:220 - loadIPPluginJar : add sai
2024-05-23 07:32:57,636 [INFO] IPUIPlugin:80 - create IPUIPlugin
2024-05-23 07:32:57,636 [INFO] PluginManager:220 - loadIPPluginJar : add spi
2024-05-23 07:32:57,711 [INFO] IPUIPlugin:80 - create IPUIPlugin
2024-05-23 07:32:57,711 [INFO] PluginManager:220 - loadIPPluginJar : add stm32_wpan
2024-05-23 07:32:57,736 [INFO] IPUIPlugin:80 - create IPUIPlugin
2024-05-23 07:32:57,736 [INFO] PluginManager:220 - loadIPPluginJar : add tim
2024-05-23 07:32:57,812 [INFO] IPUIPlugin:80 - create IPUIPlugin
2024-05-23 07:32:57,812 [INFO] PluginManager:220 - loadIPPluginJar : add touchsensing
2024-05-23 07:32:57,839 [INFO] IPUIPlugin:80 - create IPUIPlugin
2024-05-23 07:32:57,839 [INFO] PluginManager:220 - loadIPPluginJar : add tracer_emb
2024-05-23 07:32:57,866 [INFO] IPUIPlugin:80 - create IPUIPlugin
2024-05-23 07:32:57,866 [INFO] PluginManager:220 - loadIPPluginJar : add ts
2024-05-23 07:32:57,890 [INFO] IPUIPlugin:80 - create IPUIPlugin
2024-05-23 07:32:57,890 [INFO] PluginManager:220 - loadIPPluginJar : add tsc
2024-05-23 07:32:57,917 [INFO] IPUIPlugin:80 - create IPUIPlugin
2024-05-23 07:32:57,917 [INFO] PluginManager:220 - loadIPPluginJar : add ucpd
2024-05-23 07:32:57,967 [INFO] IPUIPlugin:80 - create IPUIPlugin
2024-05-23 07:32:57,968 [INFO] PluginManager:220 - loadIPPluginJar : add usart
2024-05-23 07:32:58,016 [INFO] IPUIPlugin:80 - create IPUIPlugin
2024-05-23 07:32:58,016 [INFO] PluginManager:220 - loadIPPluginJar : add usbx
2024-05-23 07:32:58,156 [INFO] CADModel:165 - CPN selected for project level
2024-05-23 07:32:58,156 [INFO] CADModel:114 - Register for checkConnection events
2024-05-23 07:32:58,156 [FATAL] Updater:308 - Updater called before beeing initialized
2024-05-23 07:32:58,156 [ERROR] CADModel:125 - Updater not yet initialized, retry later 
2024-05-23 07:32:58,352 [INFO] CADModel:165 - CPN selected for project level
2024-05-23 07:32:58,353 [INFO] CADModel:114 - Register for checkConnection events
2024-05-23 07:32:58,353 [FATAL] Updater:308 - Updater called before beeing initialized
2024-05-23 07:32:58,353 [ERROR] CADModel:125 - Updater not yet initialized, retry later 
2024-05-23 07:32:58,356 [FATAL] Updater:308 - Updater called before beeing initialized
2024-05-23 07:32:58,468 [FATAL] Updater:308 - Updater called before beeing initialized
2024-05-23 07:32:58,478 [INFO] DbMcusAds:53 - JSON generation date=Thu May 16 12:22:01 MSK 2024 (1715851321109)
2024-05-23 07:32:58,478 [FATAL] Updater:308 - Updater called before beeing initialized
2024-05-23 07:32:58,523 [INFO] ThirdPartyUpdaterWithRetryManager:70 - Updater plugin not ready yet. [2/15]
2024-05-23 07:32:58,559 [WARN] DetailPanel:346 - Failed to get advertising image, set to default
2024-05-23 07:32:58,662 [FATAL] Updater:308 - Updater called before beeing initialized
2024-05-23 07:32:58,664 [FATAL] Updater:308 - Updater called before beeing initialized
2024-05-23 07:32:58,664 [FATAL] Updater:308 - Updater called before beeing initialized
2024-05-23 07:32:58,664 [WARN] DetailPanel:346 - Failed to get advertising image, set to default
2024-05-23 07:32:58,665 [FATAL] Updater:308 - Updater called before beeing initialized
2024-05-23 07:32:58,724 [ERROR] Updater:1120 - MainUpdater not yet initialized. External WinMGr cannot be set.
2024-05-23 07:32:58,734 [INFO] Updater:1056 - Updater Version found : 6.11.1
2024-05-23 07:32:58,751 [INFO] ApplicationProperties:184 - Using Application install path: D:\Cube\STM32CubeIDE_1.15.1\STM32CubeIDE\plugins\com.st.stm32cube.common.mx_6.11.1.202404110753
2024-05-23 07:33:00,326 [ERROR] LogOutputStream:75 - [STDERR_REDIRECT] May 23, 2024 7:33:00 AM java.util.prefs.WindowsPreferences <init>
2024-05-23 07:33:00,328 [ERROR] LogOutputStream:75 - [STDERR_REDIRECT] WARNING: Could not open/create prefs root node Software\JavaSoft\Prefs at root 0xffffffff80000002. Windows RegCreateKeyEx(...) returned error code 5.
2024-05-23 07:33:00,328 [ERROR] LogOutputStream:75 - [STDERR_REDIRECT] 
2024-05-23 07:33:00,634 [ERROR] CheckConnectionManager:249 - Problem, Http access forbiden
2024-05-23 07:33:00,638 [INFO] MainUpdater:2873 - connection check result : 22
2024-05-23 07:33:00,639 [INFO] MainUpdater:290 - Updater Check For Update Now.
2024-05-23 07:33:00,639 [INFO] MicroXplorer:498 - Change Database Version : DB.6.0.111
2024-05-23 07:33:00,655 [INFO] McuFinderGlobals:63 - Set McuFinder mode to 2 (CubeIDE integrated)
2024-05-23 07:33:00,666 [INFO] UserAuth:415 - Internet connection configuration mode: 2
2024-05-23 07:33:00,853 [INFO] CheckServerUpdateThread:120 - End of CheckServer Thread
2024-05-23 07:33:01,674 [WARN] PackLoader:240 - Cannot read IP mode file for STMicroelectronics.FP-SNS-FLIGHT1.5.0.2
2024-05-23 07:33:01,704 [WARN] PackLoader:240 - Cannot read IP mode file for STMicroelectronics.X-CUBE-DISPLAY.3.0.0
2024-05-23 07:33:01,727 [WARN] PackLoader:240 - Cannot read IP mode file for STMicroelectronics.X-CUBE-BLE1.7.0.0
2024-05-23 07:33:01,748 [WARN] PackLoader:240 - Cannot read IP mode file for STMicroelectronics.X-CUBE-BLEMGR.3.1.0
2024-05-23 07:33:01,765 [WARN] PackLoader:240 - Cannot read IP mode file for STMicroelectronics.FP-SNS-SMARTAG2.1.2.0
2024-05-23 07:33:01,780 [WARN] PackLoader:240 - Cannot read IP mode file for STMicroelectronics.X-CUBE-BLE2.3.3.0
2024-05-23 07:33:01,797 [WARN] PackLoader:240 - Cannot read IP mode file for STMicroelectronics.X-CUBE-NFC4.3.0.0
2024-05-23 07:33:01,812 [WARN] PackLoader:240 - Cannot read IP mode file for STMicroelectronics.FP-ATR-SIGFOX1.3.2.0
2024-05-23 07:33:01,827 [WARN] PackLoader:240 - Cannot read IP mode file for STMicroelectronics.X-CUBE-EEPRMA1.5.1.0
2024-05-23 07:33:01,842 [WARN] PackLoader:240 - Cannot read IP mode file for STMicroelectronics.X-CUBE-GNSS1.6.0.0
2024-05-23 07:33:01,857 [WARN] PackLoader:240 - Cannot read IP mode file for STMicroelectronics.X-CUBE-ISPU.2.0.0
2024-05-23 07:33:01,923 [WARN] PackLoader:240 - Cannot read IP mode file for STMicroelectronics.X-CUBE-MEMS1.10.0.0
2024-05-23 07:33:02,073 [WARN] PackLoader:240 - Cannot read IP mode file for STMicroelectronics.FP-ATR-ASTRA1.2.0.0
2024-05-23 07:33:02,074 [INFO] ThirdParty:978 - Integrity check success = true
2024-05-23 07:33:02,074 [INFO] IntegrityCheckThread:100 - exiting critical section [integrity check]
2024-05-23 07:33:02,074 [INFO] IntegrityCheckThread:103 - End integrity checks thread
2024-05-23 08:38:41,262 [ERROR] ConfigurationRetriever:142 - IOException on connection: sw-center.st.com
2024-05-23 08:38:41,262 [ERROR] ConfigurationRetriever:142 - IOException on connection: sw-center.st.com
2024-05-23 08:38:41,262 [ERROR] ConfigurationRetriever:142 - IOException on connection: sw-center.st.com
2024-05-23 08:39:55,605 [ERROR] ConfigurationRetriever:142 - IOException on connection: sw-center.st.com
2024-05-23 08:39:55,606 [ERROR] ConfigurationRetriever:142 - IOException on connection: sw-center.st.com
2024-05-23 08:39:55,606 [ERROR] ConfigurationRetriever:142 - IOException on connection: sw-center.st.com
2024-05-23 08:39:55,624 [ERROR] ConfigurationRetriever:142 - IOException on connection: sw-center.st.com
2024-05-23 08:39:55,624 [ERROR] ConfigurationRetriever:142 - IOException on connection: sw-center.st.com
2024-05-23 08:39:55,625 [ERROR] ConfigurationRetriever:142 - IOException on connection: sw-center.st.com
2024-05-23 08:40:18,159 [ERROR] ConfigurationRetriever:142 - IOException on connection: sw-center.st.com
2024-05-23 08:40:18,159 [ERROR] ConfigurationRetriever:142 - IOException on connection: sw-center.st.com
2024-05-23 08:40:18,160 [ERROR] ConfigurationRetriever:142 - IOException on connection: sw-center.st.com
2024-05-23 08:40:27,288 [ERROR] ConfigurationRetriever:142 - IOException on connection: sw-center.st.com
2024-05-23 08:40:27,289 [ERROR] ConfigurationRetriever:142 - IOException on connection: sw-center.st.com
2024-05-23 08:40:27,289 [ERROR] ConfigurationRetriever:142 - IOException on connection: sw-center.st.com
2024-05-23 08:47:14,775 [ERROR] ConfigurationRetriever:142 - IOException on connection: sw-center.st.com
2024-05-23 08:47:14,775 [ERROR] ConfigurationRetriever:142 - IOException on connection: sw-center.st.com
2024-05-23 08:47:14,775 [ERROR] ConfigurationRetriever:142 - IOException on connection: sw-center.st.com
2024-05-23 09:23:11,787 [ERROR] LogOutputStream:75 - [STDERR_REDIRECT] 
