2024-05-22 16:35:41,229 [INFO] Activator:176 - 


2024-05-22 16:35:41,231 [INFO] Activator:177 - !SESSION log4j initialized
2024-05-22 16:35:46,799 [INFO] LogOutputStream:77 - [STDOUT_REDIRECT] 
2024-05-22 16:35:49,515 [INFO] ApplicationProperties:184 - Using Application install path: D:\Cube\STM32CubeIDE_1.15.1\STM32CubeIDE\plugins\com.st.stm32cube.common.mx_6.11.1.202404110753
2024-05-22 16:35:49,533 [INFO] DbMcusXml:78 - Set database path to: D:\Cube\STM32CubeIDE_1.15.1\STM32CubeIDE\plugins\com.st.stm32cube.common.mx_6.11.1.202404110753\\db\/mcu/
2024-05-22 16:35:49,534 [INFO] ApiDb:274 - Set plugin database path to: D:\Cube\STM32CubeIDE_1.15.1\STM32CubeIDE\plugins\com.st.stm32cube.common.mx_6.11.1.202404110753\\db\/plugins/boardmanager/
2024-05-22 16:35:49,534 [WARN] ApiDb:259 - Overriding images path with different value:  => D:\Cube\STM32CubeIDE_1.15.1\STM32CubeIDE\plugins\com.st.stm32cube.common.mx_6.11.1.202404110753\\db\/plugins/mcufinder/images/
2024-05-22 16:35:49,543 [INFO] ApiDb:250 - Set database path to: C:\Users\denlo\.stmcufinder\plugins\mcufinder//mcu/
2024-05-22 16:35:49,544 [INFO] DbMcusAds:125 - Set database path to: C:\Users\denlo\.stmcufinder\plugins\mcufinder//mcu/
2024-05-22 16:35:49,547 [INFO] CrossReferenceDbSqlite:203 - Set database path to: C:\Users\denlo\.stmcufinder\plugins\mcufinder//mcu/cs/
2024-05-22 16:35:49,701 [INFO] RulesReader:64 - Compatibility file has been processed (297 Rules)
2024-05-22 16:35:49,808 [INFO] DbMcusXml:78 - Set database path to: D:\Cube\STM32CubeIDE_1.15.1\STM32CubeIDE\plugins\com.st.stm32cube.common.mx_6.11.1.202404110753\\db\/mcu/
2024-05-22 16:35:49,808 [INFO] ApiDb:274 - Set plugin database path to: D:\Cube\STM32CubeIDE_1.15.1\STM32CubeIDE\plugins\com.st.stm32cube.common.mx_6.11.1.202404110753\\db\/plugins/boardmanager/
2024-05-22 16:35:49,808 [INFO] ApiDb:261 - Set plugin images path to: D:\Cube\STM32CubeIDE_1.15.1\STM32CubeIDE\plugins\com.st.stm32cube.common.mx_6.11.1.202404110753\\db\/plugins/mcufinder/images/
2024-05-22 16:35:49,808 [WARN] DbFile:41 - Overriding database path with different value: C:\Users\denlo\.stmcufinder\plugins\mcufinder/ => C:\Users\denlo\.stmcufinder\plugins\mcufinder
2024-05-22 16:35:49,808 [INFO] ApiDb:250 - Set database path to: C:\Users\denlo\.stmcufinder\plugins\mcufinder//mcu/
2024-05-22 16:35:49,808 [WARN] DbFile:41 - Overriding database path with different value: C:\Users\denlo\.stmcufinder\plugins\mcufinder/ => C:\Users\denlo\.stmcufinder\plugins\mcufinder
2024-05-22 16:35:49,808 [INFO] DbMcusAds:125 - Set database path to: C:\Users\denlo\.stmcufinder\plugins\mcufinder//mcu/
2024-05-22 16:35:49,809 [WARN] DbFile:41 - Overriding database path with different value: C:\Users\denlo\.stmcufinder\plugins\mcufinder/ => C:\Users\denlo\.stmcufinder\plugins\mcufinder
2024-05-22 16:35:49,809 [WARN] DbFile:41 - Overriding database path with different value: C:\Users\denlo\.stmcufinder\plugins\mcufinder/ => C:\Users\denlo\.stmcufinder\plugins\mcufinder
2024-05-22 16:35:49,809 [INFO] CrossReferenceDbSqlite:203 - Set database path to: C:\Users\denlo\.stmcufinder\plugins\mcufinder//mcu/cs/
2024-05-22 16:35:49,899 [INFO] MainPanel:264 - HeapMemory: 268435456
2024-05-22 16:35:50,030 [INFO] DbMcusXml:78 - Set database path to: D:\Cube\STM32CubeIDE_1.15.1\STM32CubeIDE\plugins\com.st.stm32cube.common.mx_6.11.1.202404110753\\db\/mcu/
2024-05-22 16:35:50,030 [INFO] ApiDb:274 - Set plugin database path to: D:\Cube\STM32CubeIDE_1.15.1\STM32CubeIDE\plugins\com.st.stm32cube.common.mx_6.11.1.202404110753\\db\/plugins/boardmanager/
2024-05-22 16:35:50,031 [INFO] ApiDb:261 - Set plugin images path to: D:\Cube\STM32CubeIDE_1.15.1\STM32CubeIDE\plugins\com.st.stm32cube.common.mx_6.11.1.202404110753\\db\/plugins/mcufinder/images/
2024-05-22 16:35:50,031 [WARN] DbFile:41 - Overriding database path with different value: C:\Users\denlo\.stmcufinder\plugins\mcufinder/ => C:\Users\denlo\.stmcufinder\plugins\mcufinder
2024-05-22 16:35:50,031 [INFO] ApiDb:250 - Set database path to: C:\Users\denlo\.stmcufinder\plugins\mcufinder//mcu/
2024-05-22 16:35:50,031 [WARN] DbFile:41 - Overriding database path with different value: C:\Users\denlo\.stmcufinder\plugins\mcufinder/ => C:\Users\denlo\.stmcufinder\plugins\mcufinder
2024-05-22 16:35:50,031 [INFO] DbMcusAds:125 - Set database path to: C:\Users\denlo\.stmcufinder\plugins\mcufinder//mcu/
2024-05-22 16:35:50,031 [WARN] DbFile:41 - Overriding database path with different value: C:\Users\denlo\.stmcufinder\plugins\mcufinder/ => C:\Users\denlo\.stmcufinder\plugins\mcufinder
2024-05-22 16:35:50,031 [WARN] DbFile:41 - Overriding database path with different value: C:\Users\denlo\.stmcufinder\plugins\mcufinder/ => C:\Users\denlo\.stmcufinder\plugins\mcufinder
2024-05-22 16:35:50,032 [INFO] CrossReferenceDbSqlite:203 - Set database path to: C:\Users\denlo\.stmcufinder\plugins\mcufinder//mcu/cs/
2024-05-22 16:35:50,052 [INFO] ApplicationProperties:184 - Using Application install path: D:\Cube\STM32CubeIDE_1.15.1\STM32CubeIDE\plugins\com.st.stm32cube.common.mx_6.11.1.202404110753
2024-05-22 16:35:50,054 [INFO] PluginManage:196 - Search for loadable plugins [exclusion list=, ]
2024-05-22 16:35:50,055 [INFO] PluginManage:310 - Check plugin analytics
2024-05-22 16:35:50,256 [INFO] AnalyticsPlugin:253 - Accepted Software Licenses: 
2024-05-22 16:35:50,256 [INFO] AnalyticsPlugin:255 - Accepted CMSIS Pack Licenses: 
2024-05-22 16:35:50,256 [INFO] AnalyticsPlugin:257 - Accepted Firmware Licenses: 
2024-05-22 16:35:50,260 [INFO] PluginManage:359 - Loaded plugin analytics (category:tool,tabindex:-1)
2024-05-22 16:35:50,260 [INFO] PluginManage:310 - Check plugin cadmodel
2024-05-22 16:35:50,280 [INFO] CADModel:105 - Init CAD model plugin
2024-05-22 16:35:50,280 [INFO] PluginManage:359 - Loaded plugin cadmodel (category:power,tabindex:5)
2024-05-22 16:35:50,280 [INFO] PluginManage:310 - Check plugin clock
2024-05-22 16:35:50,305 [INFO] PluginManage:359 - Loaded plugin clock (category:base,tabindex:2)
2024-05-22 16:35:50,305 [INFO] PluginManage:310 - Check plugin ddr
2024-05-22 16:35:50,307 [INFO] PluginManage:359 - Loaded plugin ddr (category:tool,tabindex:6)
2024-05-22 16:35:50,307 [INFO] PluginManage:310 - Check plugin filemanager
2024-05-22 16:35:50,472 [INFO] PluginManage:359 - Loaded plugin filemanager (category:base,tabindex:10)
2024-05-22 16:35:50,472 [INFO] PluginManage:310 - Check plugin ipmanager
2024-05-22 16:35:50,481 [INFO] PluginManage:359 - Loaded plugin ipmanager (category:base,tabindex:5)
2024-05-22 16:35:50,481 [INFO] PluginManage:310 - Check plugin lpbam
2024-05-22 16:35:50,502 [INFO] PluginManage:359 - Loaded plugin lpbam (category:base,tabindex:0)
2024-05-22 16:35:50,502 [INFO] PluginManage:310 - Check plugin memorymap
2024-05-22 16:35:50,531 [INFO] PluginManage:359 - Loaded plugin memorymap (category:base,tabindex:4)
2024-05-22 16:35:50,532 [INFO] PluginManage:310 - Check plugin pinoutandconfiguration
2024-05-22 16:35:50,551 [INFO] PluginManage:359 - Loaded plugin pinoutandconfiguration (category:base,tabindex:1)
2024-05-22 16:35:50,552 [INFO] PluginManage:310 - Check plugin pinoutconfig
2024-05-22 16:35:50,657 [WARN] SupportedApi:132 - Cannot load RTOS API schema: s4s-elt-must-match.1: The content of 'definitions' must match (annotation?, (simpleType | complexType)?, (unique | key | keyref)*)). A problem was found starting at: attribute.
2024-05-22 16:35:50,790 [INFO] PluginManage:359 - Loaded plugin pinoutconfig (category:base,tabindex:0)
2024-05-22 16:35:50,790 [INFO] PluginManage:310 - Check plugin power
2024-05-22 16:35:50,812 [INFO] PluginManage:359 - Loaded plugin power (category:power,tabindex:4)
2024-05-22 16:35:50,812 [INFO] PluginManage:310 - Check plugin projectmanager
2024-05-22 16:35:50,828 [INFO] PluginManage:359 - Loaded plugin projectmanager (category:projectmanager,tabindex:3)
2024-05-22 16:35:50,828 [INFO] PluginManage:310 - Check plugin thirdparty
2024-05-22 16:35:51,103 [INFO] PluginManage:359 - Loaded plugin thirdparty (category:base,tabindex:-1)
2024-05-22 16:35:51,104 [INFO] PluginManage:310 - Check plugin tools
2024-05-22 16:35:51,104 [WARN] IntegrityCheckThread:84 - waiting for thirdparty lock release [integrity check]
2024-05-22 16:35:51,104 [INFO] IntegrityCheckThread:86 - entering critical section [integrity check]
2024-05-22 16:35:51,104 [INFO] ThirdPartyUpdaterWithRetryManager:70 - Updater plugin not ready yet. [1/15]
2024-05-22 16:35:51,141 [INFO] PluginManage:359 - Loaded plugin tools (category:base,tabindex:7)
2024-05-22 16:35:51,141 [INFO] PluginManage:310 - Check plugin tutovideos
2024-05-22 16:35:51,338 [INFO] PluginManage:359 - Loaded plugin tutovideos (category:base,tabindex:-1)
2024-05-22 16:35:51,338 [INFO] PluginManage:310 - Check plugin updater
2024-05-22 16:35:51,350 [INFO] PluginManage:359 - Loaded plugin updater (category:base,tabindex:12)
2024-05-22 16:35:51,350 [INFO] PluginManage:310 - Check plugin userauth
2024-05-22 16:35:51,356 [INFO] UserAuth:114 - Init User Auth plugin
2024-05-22 16:35:51,356 [INFO] PluginManage:359 - Loaded plugin userauth (category:base,tabindex:14)
2024-05-22 16:35:51,357 [INFO] PluginManage:283 - PluginManage : Loaded plugins [17]
2024-05-22 16:35:51,587 [INFO] PinOutPanel:1561 - setPackage(No Configuration,No Configuration)
2024-05-22 16:35:51,669 [INFO] CADModel:165 - CPN selected for project level
2024-05-22 16:35:51,670 [INFO] CADModel:114 - Register for checkConnection events
2024-05-22 16:35:51,696 [INFO] IPUIPlugin:80 - create IPUIPlugin
2024-05-22 16:35:51,696 [INFO] PluginManager:220 - loadIPPluginJar : add adc
2024-05-22 16:35:51,732 [INFO] IPUIPlugin:80 - create IPUIPlugin
2024-05-22 16:35:51,732 [INFO] PluginManager:220 - loadIPPluginJar : add aes
2024-05-22 16:35:51,774 [INFO] IPUIPlugin:80 - create IPUIPlugin
2024-05-22 16:35:51,774 [INFO] PluginManager:220 - loadIPPluginJar : add can
2024-05-22 16:35:51,798 [INFO] IPUIPlugin:80 - create IPUIPlugin
2024-05-22 16:35:51,799 [INFO] PluginManager:220 - loadIPPluginJar : add comp
2024-05-22 16:35:51,834 [INFO] IPUIPlugin:80 - create IPUIPlugin
2024-05-22 16:35:51,834 [INFO] PluginManager:220 - loadIPPluginJar : add cryp
2024-05-22 16:35:51,866 [INFO] IPUIPlugin:80 - create IPUIPlugin
2024-05-22 16:35:51,866 [INFO] PluginManager:220 - loadIPPluginJar : add dfsdm
2024-05-22 16:35:51,881 [INFO] IPUIPlugin:80 - create IPUIPlugin
2024-05-22 16:35:51,882 [INFO] PluginManager:220 - loadIPPluginJar : add dma
2024-05-22 16:35:51,925 [INFO] IPUIPlugin:80 - create IPUIPlugin
2024-05-22 16:35:51,926 [INFO] PluginManager:220 - loadIPPluginJar : add dma3
2024-05-22 16:35:51,972 [INFO] IPUIPlugin:80 - create IPUIPlugin
2024-05-22 16:35:51,972 [INFO] PluginManager:220 - loadIPPluginJar : add extmemmanager
2024-05-22 16:35:51,992 [INFO] IPUIPlugin:80 - create IPUIPlugin
2024-05-22 16:35:51,993 [INFO] PluginManager:220 - loadIPPluginJar : add fatfs
2024-05-22 16:35:52,041 [INFO] IPUIPlugin:80 - create IPUIPlugin
2024-05-22 16:35:52,041 [INFO] PluginManager:220 - loadIPPluginJar : add fmc
2024-05-22 16:35:52,056 [INFO] IPUIPlugin:80 - create IPUIPlugin
2024-05-22 16:35:52,056 [INFO] PluginManager:220 - loadIPPluginJar : add freertos
2024-05-22 16:35:52,078 [INFO] IPUIPlugin:80 - create IPUIPlugin
2024-05-22 16:35:52,078 [INFO] PluginManager:220 - loadIPPluginJar : add genericplugin
2024-05-22 16:35:52,176 [INFO] IPUIPlugin:80 - create IPUIPlugin
2024-05-22 16:35:52,176 [INFO] PluginManager:220 - loadIPPluginJar : add gfxmmu
2024-05-22 16:35:52,313 [INFO] IPUIPlugin:80 - create IPUIPlugin
2024-05-22 16:35:52,314 [INFO] PluginManager:220 - loadIPPluginJar : add gic
2024-05-22 16:35:52,333 [INFO] IPUIPlugin:80 - create IPUIPlugin
2024-05-22 16:35:52,334 [INFO] PluginManager:220 - loadIPPluginJar : add gpio
2024-05-22 16:35:52,429 [INFO] IPUIPlugin:80 - create IPUIPlugin
2024-05-22 16:35:52,429 [INFO] PluginManager:220 - loadIPPluginJar : add gtzc
2024-05-22 16:35:52,462 [INFO] IPUIPlugin:80 - create IPUIPlugin
2024-05-22 16:35:52,462 [INFO] PluginManager:220 - loadIPPluginJar : add hash
2024-05-22 16:35:52,517 [INFO] IPUIPlugin:80 - create IPUIPlugin
2024-05-22 16:35:52,517 [INFO] PluginManager:220 - loadIPPluginJar : add i2c
2024-05-22 16:35:52,565 [INFO] IPUIPlugin:80 - create IPUIPlugin
2024-05-22 16:35:52,565 [INFO] PluginManager:220 - loadIPPluginJar : add i2s
2024-05-22 16:35:52,612 [INFO] IPUIPlugin:80 - create IPUIPlugin
2024-05-22 16:35:52,612 [INFO] PluginManager:220 - loadIPPluginJar : add i3c
2024-05-22 16:35:52,723 [INFO] IPUIPlugin:80 - create IPUIPlugin
2024-05-22 16:35:52,724 [INFO] PluginManager:220 - loadIPPluginJar : add ipddr
2024-05-22 16:35:52,815 [INFO] IPUIPlugin:80 - create IPUIPlugin
2024-05-22 16:35:52,815 [INFO] PluginManager:220 - loadIPPluginJar : add linkedlist
2024-05-22 16:35:52,851 [INFO] IPUIPlugin:80 - create IPUIPlugin
2024-05-22 16:35:52,851 [INFO] PluginManager:220 - loadIPPluginJar : add lorawan
2024-05-22 16:35:52,888 [INFO] IPUIPlugin:80 - create IPUIPlugin
2024-05-22 16:35:52,888 [INFO] PluginManager:220 - loadIPPluginJar : add ltdc
2024-05-22 16:35:52,904 [INFO] IPUIPlugin:80 - create IPUIPlugin
2024-05-22 16:35:52,904 [INFO] PluginManager:220 - loadIPPluginJar : add mdma
2024-05-22 16:35:52,917 [INFO] IPUIPlugin:80 - create IPUIPlugin
2024-05-22 16:35:52,917 [INFO] PluginManager:220 - loadIPPluginJar : add nvic
2024-05-22 16:35:52,954 [INFO] IPUIPlugin:80 - create IPUIPlugin
2024-05-22 16:35:52,955 [INFO] PluginManager:220 - loadIPPluginJar : add opamp
2024-05-22 16:35:53,023 [INFO] IPUIPlugin:80 - create IPUIPlugin
2024-05-22 16:35:53,023 [INFO] PluginManager:220 - loadIPPluginJar : add openamp
2024-05-22 16:35:53,066 [INFO] IPUIPlugin:80 - create IPUIPlugin
2024-05-22 16:35:53,066 [INFO] PluginManager:220 - loadIPPluginJar : add pdm2pcm
2024-05-22 16:35:53,083 [INFO] IPUIPlugin:80 - create IPUIPlugin
2024-05-22 16:35:53,085 [INFO] PluginManager:220 - loadIPPluginJar : add plateformsettings
2024-05-22 16:35:53,109 [INFO] IPUIPlugin:80 - create IPUIPlugin
2024-05-22 16:35:53,109 [INFO] PluginManager:220 - loadIPPluginJar : add quadspi
2024-05-22 16:35:53,123 [INFO] IPUIPlugin:80 - create IPUIPlugin
2024-05-22 16:35:53,123 [INFO] PluginManager:220 - loadIPPluginJar : add resmgrutility
2024-05-22 16:35:53,189 [INFO] IPUIPlugin:80 - create IPUIPlugin
2024-05-22 16:35:53,189 [INFO] PluginManager:220 - loadIPPluginJar : add sai
2024-05-22 16:35:53,230 [INFO] IPUIPlugin:80 - create IPUIPlugin
2024-05-22 16:35:53,231 [INFO] PluginManager:220 - loadIPPluginJar : add spi
2024-05-22 16:35:53,304 [INFO] IPUIPlugin:80 - create IPUIPlugin
2024-05-22 16:35:53,304 [INFO] PluginManager:220 - loadIPPluginJar : add stm32_wpan
2024-05-22 16:35:53,328 [INFO] IPUIPlugin:80 - create IPUIPlugin
2024-05-22 16:35:53,329 [INFO] PluginManager:220 - loadIPPluginJar : add tim
2024-05-22 16:35:53,390 [INFO] IPUIPlugin:80 - create IPUIPlugin
2024-05-22 16:35:53,390 [INFO] PluginManager:220 - loadIPPluginJar : add touchsensing
2024-05-22 16:35:53,413 [INFO] IPUIPlugin:80 - create IPUIPlugin
2024-05-22 16:35:53,413 [INFO] PluginManager:220 - loadIPPluginJar : add tracer_emb
2024-05-22 16:35:53,438 [INFO] IPUIPlugin:80 - create IPUIPlugin
2024-05-22 16:35:53,438 [INFO] PluginManager:220 - loadIPPluginJar : add ts
2024-05-22 16:35:53,460 [INFO] IPUIPlugin:80 - create IPUIPlugin
2024-05-22 16:35:53,461 [INFO] PluginManager:220 - loadIPPluginJar : add tsc
2024-05-22 16:35:53,483 [INFO] IPUIPlugin:80 - create IPUIPlugin
2024-05-22 16:35:53,483 [INFO] PluginManager:220 - loadIPPluginJar : add ucpd
2024-05-22 16:35:53,529 [INFO] IPUIPlugin:80 - create IPUIPlugin
2024-05-22 16:35:53,529 [INFO] PluginManager:220 - loadIPPluginJar : add usart
2024-05-22 16:35:53,574 [INFO] IPUIPlugin:80 - create IPUIPlugin
2024-05-22 16:35:53,574 [INFO] PluginManager:220 - loadIPPluginJar : add usbx
2024-05-22 16:35:53,706 [INFO] CADModel:165 - CPN selected for project level
2024-05-22 16:35:53,706 [INFO] CADModel:114 - Register for checkConnection events
2024-05-22 16:35:53,706 [FATAL] Updater:308 - Updater called before beeing initialized
2024-05-22 16:35:53,706 [ERROR] CADModel:125 - Updater not yet initialized, retry later 
2024-05-22 16:35:53,869 [INFO] CADModel:165 - CPN selected for project level
2024-05-22 16:35:53,869 [INFO] CADModel:114 - Register for checkConnection events
2024-05-22 16:35:53,870 [FATAL] Updater:308 - Updater called before beeing initialized
2024-05-22 16:35:53,870 [ERROR] CADModel:125 - Updater not yet initialized, retry later 
2024-05-22 16:35:53,873 [FATAL] Updater:308 - Updater called before beeing initialized
2024-05-22 16:35:53,989 [FATAL] Updater:308 - Updater called before beeing initialized
2024-05-22 16:35:53,999 [INFO] DbMcusAds:53 - JSON generation date=Thu May 16 12:22:01 MSK 2024 (1715851321109)
2024-05-22 16:35:53,999 [FATAL] Updater:308 - Updater called before beeing initialized
2024-05-22 16:35:54,087 [WARN] DetailPanel:346 - Failed to get advertising image, set to default
2024-05-22 16:35:54,105 [INFO] ThirdPartyUpdaterWithRetryManager:70 - Updater plugin not ready yet. [2/15]
2024-05-22 16:35:54,202 [FATAL] Updater:308 - Updater called before beeing initialized
2024-05-22 16:35:54,205 [FATAL] Updater:308 - Updater called before beeing initialized
2024-05-22 16:35:54,205 [FATAL] Updater:308 - Updater called before beeing initialized
2024-05-22 16:35:54,205 [WARN] DetailPanel:346 - Failed to get advertising image, set to default
2024-05-22 16:35:54,206 [FATAL] Updater:308 - Updater called before beeing initialized
2024-05-22 16:35:54,280 [ERROR] Updater:1120 - MainUpdater not yet initialized. External WinMGr cannot be set.
2024-05-22 16:35:54,292 [INFO] Updater:1056 - Updater Version found : 6.11.1
2024-05-22 16:35:54,318 [INFO] ApplicationProperties:184 - Using Application install path: D:\Cube\STM32CubeIDE_1.15.1\STM32CubeIDE\plugins\com.st.stm32cube.common.mx_6.11.1.202404110753
2024-05-22 16:36:03,141 [INFO] Activator:176 - 


2024-05-22 16:36:03,143 [INFO] Activator:177 - !SESSION log4j initialized
2024-05-22 16:36:06,715 [INFO] LogOutputStream:77 - [STDOUT_REDIRECT] 
2024-05-22 16:36:08,988 [INFO] ApplicationProperties:184 - Using Application install path: D:\Cube\STM32CubeIDE_1.15.1\STM32CubeIDE\plugins\com.st.stm32cube.common.mx_6.11.1.202404110753
2024-05-22 16:36:09,004 [INFO] DbMcusXml:78 - Set database path to: D:\Cube\STM32CubeIDE_1.15.1\STM32CubeIDE\plugins\com.st.stm32cube.common.mx_6.11.1.202404110753\\db\/mcu/
2024-05-22 16:36:09,004 [INFO] ApiDb:274 - Set plugin database path to: D:\Cube\STM32CubeIDE_1.15.1\STM32CubeIDE\plugins\com.st.stm32cube.common.mx_6.11.1.202404110753\\db\/plugins/boardmanager/
2024-05-22 16:36:09,004 [WARN] ApiDb:259 - Overriding images path with different value:  => D:\Cube\STM32CubeIDE_1.15.1\STM32CubeIDE\plugins\com.st.stm32cube.common.mx_6.11.1.202404110753\\db\/plugins/mcufinder/images/
2024-05-22 16:36:09,009 [INFO] ApiDb:250 - Set database path to: C:\Users\denlo\.stmcufinder\plugins\mcufinder//mcu/
2024-05-22 16:36:09,010 [INFO] DbMcusAds:125 - Set database path to: C:\Users\denlo\.stmcufinder\plugins\mcufinder//mcu/
2024-05-22 16:36:09,012 [INFO] CrossReferenceDbSqlite:203 - Set database path to: C:\Users\denlo\.stmcufinder\plugins\mcufinder//mcu/cs/
2024-05-22 16:36:09,125 [INFO] RulesReader:64 - Compatibility file has been processed (297 Rules)
2024-05-22 16:36:09,204 [INFO] DbMcusXml:78 - Set database path to: D:\Cube\STM32CubeIDE_1.15.1\STM32CubeIDE\plugins\com.st.stm32cube.common.mx_6.11.1.202404110753\\db\/mcu/
2024-05-22 16:36:09,204 [INFO] ApiDb:274 - Set plugin database path to: D:\Cube\STM32CubeIDE_1.15.1\STM32CubeIDE\plugins\com.st.stm32cube.common.mx_6.11.1.202404110753\\db\/plugins/boardmanager/
2024-05-22 16:36:09,204 [INFO] ApiDb:261 - Set plugin images path to: D:\Cube\STM32CubeIDE_1.15.1\STM32CubeIDE\plugins\com.st.stm32cube.common.mx_6.11.1.202404110753\\db\/plugins/mcufinder/images/
2024-05-22 16:36:09,205 [WARN] DbFile:41 - Overriding database path with different value: C:\Users\denlo\.stmcufinder\plugins\mcufinder/ => C:\Users\denlo\.stmcufinder\plugins\mcufinder
2024-05-22 16:36:09,205 [INFO] ApiDb:250 - Set database path to: C:\Users\denlo\.stmcufinder\plugins\mcufinder//mcu/
2024-05-22 16:36:09,205 [WARN] DbFile:41 - Overriding database path with different value: C:\Users\denlo\.stmcufinder\plugins\mcufinder/ => C:\Users\denlo\.stmcufinder\plugins\mcufinder
2024-05-22 16:36:09,205 [INFO] DbMcusAds:125 - Set database path to: C:\Users\denlo\.stmcufinder\plugins\mcufinder//mcu/
2024-05-22 16:36:09,205 [WARN] DbFile:41 - Overriding database path with different value: C:\Users\denlo\.stmcufinder\plugins\mcufinder/ => C:\Users\denlo\.stmcufinder\plugins\mcufinder
2024-05-22 16:36:09,205 [WARN] DbFile:41 - Overriding database path with different value: C:\Users\denlo\.stmcufinder\plugins\mcufinder/ => C:\Users\denlo\.stmcufinder\plugins\mcufinder
2024-05-22 16:36:09,205 [INFO] CrossReferenceDbSqlite:203 - Set database path to: C:\Users\denlo\.stmcufinder\plugins\mcufinder//mcu/cs/
2024-05-22 16:36:09,275 [INFO] MainPanel:264 - HeapMemory: 268435456
2024-05-22 16:36:09,356 [INFO] DbMcusXml:78 - Set database path to: D:\Cube\STM32CubeIDE_1.15.1\STM32CubeIDE\plugins\com.st.stm32cube.common.mx_6.11.1.202404110753\\db\/mcu/
2024-05-22 16:36:09,356 [INFO] ApiDb:274 - Set plugin database path to: D:\Cube\STM32CubeIDE_1.15.1\STM32CubeIDE\plugins\com.st.stm32cube.common.mx_6.11.1.202404110753\\db\/plugins/boardmanager/
2024-05-22 16:36:09,356 [INFO] ApiDb:261 - Set plugin images path to: D:\Cube\STM32CubeIDE_1.15.1\STM32CubeIDE\plugins\com.st.stm32cube.common.mx_6.11.1.202404110753\\db\/plugins/mcufinder/images/
2024-05-22 16:36:09,357 [WARN] DbFile:41 - Overriding database path with different value: C:\Users\denlo\.stmcufinder\plugins\mcufinder/ => C:\Users\denlo\.stmcufinder\plugins\mcufinder
2024-05-22 16:36:09,357 [INFO] ApiDb:250 - Set database path to: C:\Users\denlo\.stmcufinder\plugins\mcufinder//mcu/
2024-05-22 16:36:09,357 [WARN] DbFile:41 - Overriding database path with different value: C:\Users\denlo\.stmcufinder\plugins\mcufinder/ => C:\Users\denlo\.stmcufinder\plugins\mcufinder
2024-05-22 16:36:09,357 [INFO] DbMcusAds:125 - Set database path to: C:\Users\denlo\.stmcufinder\plugins\mcufinder//mcu/
2024-05-22 16:36:09,357 [WARN] DbFile:41 - Overriding database path with different value: C:\Users\denlo\.stmcufinder\plugins\mcufinder/ => C:\Users\denlo\.stmcufinder\plugins\mcufinder
2024-05-22 16:36:09,357 [WARN] DbFile:41 - Overriding database path with different value: C:\Users\denlo\.stmcufinder\plugins\mcufinder/ => C:\Users\denlo\.stmcufinder\plugins\mcufinder
2024-05-22 16:36:09,357 [INFO] CrossReferenceDbSqlite:203 - Set database path to: C:\Users\denlo\.stmcufinder\plugins\mcufinder//mcu/cs/
2024-05-22 16:36:09,382 [INFO] ApplicationProperties:184 - Using Application install path: D:\Cube\STM32CubeIDE_1.15.1\STM32CubeIDE\plugins\com.st.stm32cube.common.mx_6.11.1.202404110753
2024-05-22 16:36:09,383 [INFO] PluginManage:196 - Search for loadable plugins [exclusion list=, ]
2024-05-22 16:36:09,384 [INFO] PluginManage:310 - Check plugin analytics
2024-05-22 16:36:09,551 [INFO] AnalyticsPlugin:253 - Accepted Software Licenses: 
2024-05-22 16:36:09,552 [INFO] AnalyticsPlugin:255 - Accepted CMSIS Pack Licenses: 
2024-05-22 16:36:09,552 [INFO] AnalyticsPlugin:257 - Accepted Firmware Licenses: 
2024-05-22 16:36:09,554 [INFO] PluginManage:359 - Loaded plugin analytics (category:tool,tabindex:-1)
2024-05-22 16:36:09,554 [INFO] PluginManage:310 - Check plugin cadmodel
2024-05-22 16:36:09,558 [INFO] CADModel:105 - Init CAD model plugin
2024-05-22 16:36:09,558 [INFO] PluginManage:359 - Loaded plugin cadmodel (category:power,tabindex:5)
2024-05-22 16:36:09,558 [INFO] PluginManage:310 - Check plugin clock
2024-05-22 16:36:09,566 [INFO] PluginManage:359 - Loaded plugin clock (category:base,tabindex:2)
2024-05-22 16:36:09,566 [INFO] PluginManage:310 - Check plugin ddr
2024-05-22 16:36:09,568 [INFO] PluginManage:359 - Loaded plugin ddr (category:tool,tabindex:6)
2024-05-22 16:36:09,568 [INFO] PluginManage:310 - Check plugin filemanager
2024-05-22 16:36:09,708 [INFO] PluginManage:359 - Loaded plugin filemanager (category:base,tabindex:10)
2024-05-22 16:36:09,708 [INFO] PluginManage:310 - Check plugin ipmanager
2024-05-22 16:36:09,715 [INFO] PluginManage:359 - Loaded plugin ipmanager (category:base,tabindex:5)
2024-05-22 16:36:09,715 [INFO] PluginManage:310 - Check plugin lpbam
2024-05-22 16:36:09,723 [INFO] PluginManage:359 - Loaded plugin lpbam (category:base,tabindex:0)
2024-05-22 16:36:09,723 [INFO] PluginManage:310 - Check plugin memorymap
2024-05-22 16:36:09,734 [INFO] PluginManage:359 - Loaded plugin memorymap (category:base,tabindex:4)
2024-05-22 16:36:09,734 [INFO] PluginManage:310 - Check plugin pinoutandconfiguration
2024-05-22 16:36:09,742 [INFO] PluginManage:359 - Loaded plugin pinoutandconfiguration (category:base,tabindex:1)
2024-05-22 16:36:09,742 [INFO] PluginManage:310 - Check plugin pinoutconfig
2024-05-22 16:36:09,822 [WARN] SupportedApi:132 - Cannot load RTOS API schema: s4s-elt-must-match.1: The content of 'definitions' must match (annotation?, (simpleType | complexType)?, (unique | key | keyref)*)). A problem was found starting at: attribute.
2024-05-22 16:36:09,947 [INFO] PluginManage:359 - Loaded plugin pinoutconfig (category:base,tabindex:0)
2024-05-22 16:36:09,947 [INFO] PluginManage:310 - Check plugin power
2024-05-22 16:36:09,954 [INFO] PluginManage:359 - Loaded plugin power (category:power,tabindex:4)
2024-05-22 16:36:09,955 [INFO] PluginManage:310 - Check plugin projectmanager
2024-05-22 16:36:09,969 [INFO] PluginManage:359 - Loaded plugin projectmanager (category:projectmanager,tabindex:3)
2024-05-22 16:36:09,969 [INFO] PluginManage:310 - Check plugin thirdparty
2024-05-22 16:36:10,083 [INFO] PluginManage:359 - Loaded plugin thirdparty (category:base,tabindex:-1)
2024-05-22 16:36:10,084 [INFO] PluginManage:310 - Check plugin tools
2024-05-22 16:36:10,084 [WARN] IntegrityCheckThread:84 - waiting for thirdparty lock release [integrity check]
2024-05-22 16:36:10,084 [INFO] IntegrityCheckThread:86 - entering critical section [integrity check]
2024-05-22 16:36:10,084 [INFO] ThirdPartyUpdaterWithRetryManager:70 - Updater plugin not ready yet. [1/15]
2024-05-22 16:36:10,086 [INFO] PluginManage:359 - Loaded plugin tools (category:base,tabindex:7)
2024-05-22 16:36:10,086 [INFO] PluginManage:310 - Check plugin tutovideos
2024-05-22 16:36:10,242 [INFO] PluginManage:359 - Loaded plugin tutovideos (category:base,tabindex:-1)
2024-05-22 16:36:10,242 [INFO] PluginManage:310 - Check plugin updater
2024-05-22 16:36:10,251 [INFO] PluginManage:359 - Loaded plugin updater (category:base,tabindex:12)
2024-05-22 16:36:10,251 [INFO] PluginManage:310 - Check plugin userauth
2024-05-22 16:36:10,256 [INFO] UserAuth:114 - Init User Auth plugin
2024-05-22 16:36:10,256 [INFO] PluginManage:359 - Loaded plugin userauth (category:base,tabindex:14)
2024-05-22 16:36:10,257 [INFO] PluginManage:283 - PluginManage : Loaded plugins [17]
2024-05-22 16:36:10,442 [INFO] PinOutPanel:1561 - setPackage(No Configuration,No Configuration)
2024-05-22 16:36:10,512 [INFO] CADModel:165 - CPN selected for project level
2024-05-22 16:36:10,512 [INFO] CADModel:114 - Register for checkConnection events
2024-05-22 16:36:10,526 [INFO] IPUIPlugin:80 - create IPUIPlugin
2024-05-22 16:36:10,526 [INFO] PluginManager:220 - loadIPPluginJar : add adc
2024-05-22 16:36:10,528 [INFO] IPUIPlugin:80 - create IPUIPlugin
2024-05-22 16:36:10,528 [INFO] PluginManager:220 - loadIPPluginJar : add aes
2024-05-22 16:36:10,531 [INFO] IPUIPlugin:80 - create IPUIPlugin
2024-05-22 16:36:10,531 [INFO] PluginManager:220 - loadIPPluginJar : add can
2024-05-22 16:36:10,533 [INFO] IPUIPlugin:80 - create IPUIPlugin
2024-05-22 16:36:10,533 [INFO] PluginManager:220 - loadIPPluginJar : add comp
2024-05-22 16:36:10,535 [INFO] IPUIPlugin:80 - create IPUIPlugin
2024-05-22 16:36:10,535 [INFO] PluginManager:220 - loadIPPluginJar : add cryp
2024-05-22 16:36:10,537 [INFO] IPUIPlugin:80 - create IPUIPlugin
2024-05-22 16:36:10,537 [INFO] PluginManager:220 - loadIPPluginJar : add dfsdm
2024-05-22 16:36:10,542 [INFO] IPUIPlugin:80 - create IPUIPlugin
2024-05-22 16:36:10,542 [INFO] PluginManager:220 - loadIPPluginJar : add dma
2024-05-22 16:36:10,544 [INFO] IPUIPlugin:80 - create IPUIPlugin
2024-05-22 16:36:10,544 [INFO] PluginManager:220 - loadIPPluginJar : add dma3
2024-05-22 16:36:10,547 [INFO] IPUIPlugin:80 - create IPUIPlugin
2024-05-22 16:36:10,547 [INFO] PluginManager:220 - loadIPPluginJar : add extmemmanager
2024-05-22 16:36:10,548 [INFO] IPUIPlugin:80 - create IPUIPlugin
2024-05-22 16:36:10,548 [INFO] PluginManager:220 - loadIPPluginJar : add fatfs
2024-05-22 16:36:10,551 [INFO] IPUIPlugin:80 - create IPUIPlugin
2024-05-22 16:36:10,552 [INFO] PluginManager:220 - loadIPPluginJar : add fmc
2024-05-22 16:36:10,556 [INFO] IPUIPlugin:80 - create IPUIPlugin
2024-05-22 16:36:10,556 [INFO] PluginManager:220 - loadIPPluginJar : add freertos
2024-05-22 16:36:10,557 [INFO] IPUIPlugin:80 - create IPUIPlugin
2024-05-22 16:36:10,558 [INFO] PluginManager:220 - loadIPPluginJar : add genericplugin
2024-05-22 16:36:10,559 [INFO] IPUIPlugin:80 - create IPUIPlugin
2024-05-22 16:36:10,559 [INFO] PluginManager:220 - loadIPPluginJar : add gfxmmu
2024-05-22 16:36:10,563 [INFO] IPUIPlugin:80 - create IPUIPlugin
2024-05-22 16:36:10,563 [INFO] PluginManager:220 - loadIPPluginJar : add gic
2024-05-22 16:36:10,566 [INFO] IPUIPlugin:80 - create IPUIPlugin
2024-05-22 16:36:10,567 [INFO] PluginManager:220 - loadIPPluginJar : add gpio
2024-05-22 16:36:10,569 [INFO] IPUIPlugin:80 - create IPUIPlugin
2024-05-22 16:36:10,569 [INFO] PluginManager:220 - loadIPPluginJar : add gtzc
2024-05-22 16:36:10,570 [INFO] IPUIPlugin:80 - create IPUIPlugin
2024-05-22 16:36:10,571 [INFO] PluginManager:220 - loadIPPluginJar : add hash
2024-05-22 16:36:10,572 [INFO] IPUIPlugin:80 - create IPUIPlugin
2024-05-22 16:36:10,573 [INFO] PluginManager:220 - loadIPPluginJar : add i2c
2024-05-22 16:36:10,575 [INFO] IPUIPlugin:80 - create IPUIPlugin
2024-05-22 16:36:10,575 [INFO] PluginManager:220 - loadIPPluginJar : add i2s
2024-05-22 16:36:10,577 [INFO] IPUIPlugin:80 - create IPUIPlugin
2024-05-22 16:36:10,577 [INFO] PluginManager:220 - loadIPPluginJar : add i3c
2024-05-22 16:36:10,580 [INFO] IPUIPlugin:80 - create IPUIPlugin
2024-05-22 16:36:10,580 [INFO] PluginManager:220 - loadIPPluginJar : add ipddr
2024-05-22 16:36:10,586 [INFO] IPUIPlugin:80 - create IPUIPlugin
2024-05-22 16:36:10,587 [INFO] PluginManager:220 - loadIPPluginJar : add linkedlist
2024-05-22 16:36:10,589 [INFO] IPUIPlugin:80 - create IPUIPlugin
2024-05-22 16:36:10,589 [INFO] PluginManager:220 - loadIPPluginJar : add lorawan
2024-05-22 16:36:10,590 [INFO] IPUIPlugin:80 - create IPUIPlugin
2024-05-22 16:36:10,590 [INFO] PluginManager:220 - loadIPPluginJar : add ltdc
2024-05-22 16:36:10,595 [INFO] IPUIPlugin:80 - create IPUIPlugin
2024-05-22 16:36:10,595 [INFO] PluginManager:220 - loadIPPluginJar : add mdma
2024-05-22 16:36:10,598 [INFO] IPUIPlugin:80 - create IPUIPlugin
2024-05-22 16:36:10,598 [INFO] PluginManager:220 - loadIPPluginJar : add nvic
2024-05-22 16:36:10,600 [INFO] IPUIPlugin:80 - create IPUIPlugin
2024-05-22 16:36:10,600 [INFO] PluginManager:220 - loadIPPluginJar : add opamp
2024-05-22 16:36:10,602 [INFO] IPUIPlugin:80 - create IPUIPlugin
2024-05-22 16:36:10,602 [INFO] PluginManager:220 - loadIPPluginJar : add openamp
2024-05-22 16:36:10,605 [INFO] IPUIPlugin:80 - create IPUIPlugin
2024-05-22 16:36:10,605 [INFO] PluginManager:220 - loadIPPluginJar : add pdm2pcm
2024-05-22 16:36:10,610 [INFO] IPUIPlugin:80 - create IPUIPlugin
2024-05-22 16:36:10,613 [INFO] PluginManager:220 - loadIPPluginJar : add plateformsettings
2024-05-22 16:36:10,614 [INFO] IPUIPlugin:80 - create IPUIPlugin
2024-05-22 16:36:10,614 [INFO] PluginManager:220 - loadIPPluginJar : add quadspi
2024-05-22 16:36:10,617 [INFO] IPUIPlugin:80 - create IPUIPlugin
2024-05-22 16:36:10,617 [INFO] PluginManager:220 - loadIPPluginJar : add resmgrutility
2024-05-22 16:36:10,619 [INFO] IPUIPlugin:80 - create IPUIPlugin
2024-05-22 16:36:10,619 [INFO] PluginManager:220 - loadIPPluginJar : add sai
2024-05-22 16:36:10,621 [INFO] IPUIPlugin:80 - create IPUIPlugin
2024-05-22 16:36:10,621 [INFO] PluginManager:220 - loadIPPluginJar : add spi
2024-05-22 16:36:10,625 [INFO] IPUIPlugin:80 - create IPUIPlugin
2024-05-22 16:36:10,626 [INFO] PluginManager:220 - loadIPPluginJar : add stm32_wpan
2024-05-22 16:36:10,627 [INFO] IPUIPlugin:80 - create IPUIPlugin
2024-05-22 16:36:10,627 [INFO] PluginManager:220 - loadIPPluginJar : add tim
2024-05-22 16:36:10,630 [INFO] IPUIPlugin:80 - create IPUIPlugin
2024-05-22 16:36:10,630 [INFO] PluginManager:220 - loadIPPluginJar : add touchsensing
2024-05-22 16:36:10,631 [INFO] IPUIPlugin:80 - create IPUIPlugin
2024-05-22 16:36:10,632 [INFO] PluginManager:220 - loadIPPluginJar : add tracer_emb
2024-05-22 16:36:10,633 [INFO] IPUIPlugin:80 - create IPUIPlugin
2024-05-22 16:36:10,633 [INFO] PluginManager:220 - loadIPPluginJar : add ts
2024-05-22 16:36:10,634 [INFO] IPUIPlugin:80 - create IPUIPlugin
2024-05-22 16:36:10,634 [INFO] PluginManager:220 - loadIPPluginJar : add tsc
2024-05-22 16:36:10,635 [INFO] IPUIPlugin:80 - create IPUIPlugin
2024-05-22 16:36:10,635 [INFO] PluginManager:220 - loadIPPluginJar : add ucpd
2024-05-22 16:36:10,637 [INFO] IPUIPlugin:80 - create IPUIPlugin
2024-05-22 16:36:10,638 [INFO] PluginManager:220 - loadIPPluginJar : add usart
2024-05-22 16:36:10,640 [INFO] IPUIPlugin:80 - create IPUIPlugin
2024-05-22 16:36:10,640 [INFO] PluginManager:220 - loadIPPluginJar : add usbx
2024-05-22 16:36:10,773 [INFO] CADModel:165 - CPN selected for project level
2024-05-22 16:36:10,773 [INFO] CADModel:114 - Register for checkConnection events
2024-05-22 16:36:10,773 [FATAL] Updater:308 - Updater called before beeing initialized
2024-05-22 16:36:10,773 [ERROR] CADModel:125 - Updater not yet initialized, retry later 
2024-05-22 16:36:10,904 [INFO] CADModel:165 - CPN selected for project level
2024-05-22 16:36:10,904 [INFO] CADModel:114 - Register for checkConnection events
2024-05-22 16:36:10,904 [FATAL] Updater:308 - Updater called before beeing initialized
2024-05-22 16:36:10,904 [ERROR] CADModel:125 - Updater not yet initialized, retry later 
2024-05-22 16:36:10,907 [FATAL] Updater:308 - Updater called before beeing initialized
2024-05-22 16:36:11,004 [FATAL] Updater:308 - Updater called before beeing initialized
2024-05-22 16:36:11,008 [INFO] DbMcusAds:53 - JSON generation date=Thu May 16 12:22:01 MSK 2024 (1715851321109)
2024-05-22 16:36:11,008 [FATAL] Updater:308 - Updater called before beeing initialized
2024-05-22 16:36:11,043 [WARN] DetailPanel:346 - Failed to get advertising image, set to default
2024-05-22 16:36:11,151 [FATAL] Updater:308 - Updater called before beeing initialized
2024-05-22 16:36:11,152 [FATAL] Updater:308 - Updater called before beeing initialized
2024-05-22 16:36:11,152 [FATAL] Updater:308 - Updater called before beeing initialized
2024-05-22 16:36:11,152 [WARN] DetailPanel:346 - Failed to get advertising image, set to default
2024-05-22 16:36:11,153 [FATAL] Updater:308 - Updater called before beeing initialized
2024-05-22 16:36:11,199 [ERROR] Updater:1120 - MainUpdater not yet initialized. External WinMGr cannot be set.
2024-05-22 16:36:11,201 [INFO] Updater:1056 - Updater Version found : 6.11.1
2024-05-22 16:36:11,218 [INFO] ApplicationProperties:184 - Using Application install path: D:\Cube\STM32CubeIDE_1.15.1\STM32CubeIDE\plugins\com.st.stm32cube.common.mx_6.11.1.202404110753
2024-05-22 16:36:12,790 [ERROR] LogOutputStream:75 - [STDERR_REDIRECT] May 22, 2024 4:36:12 PM java.util.prefs.WindowsPreferences <init>
2024-05-22 16:36:12,792 [ERROR] LogOutputStream:75 - [STDERR_REDIRECT] WARNING: Could not open/create prefs root node Software\JavaSoft\Prefs at root 0xffffffff80000002. Windows RegCreateKeyEx(...) returned error code 5.
2024-05-22 16:36:12,792 [ERROR] LogOutputStream:75 - [STDERR_REDIRECT] 
2024-05-22 16:36:13,087 [INFO] ThirdPartyUpdaterWithRetryManager:70 - Updater plugin not ready yet. [2/15]
2024-05-22 16:36:15,144 [ERROR] CheckConnectionManager:249 - Problem, Http access forbiden
2024-05-22 16:36:15,147 [INFO] MainUpdater:2873 - connection check result : 22
2024-05-22 16:36:15,148 [INFO] MainUpdater:290 - Updater Check For Update Now.
2024-05-22 16:36:15,148 [INFO] MicroXplorer:498 - Change Database Version : DB.6.0.111
2024-05-22 16:36:15,162 [INFO] McuFinderGlobals:63 - Set McuFinder mode to 2 (CubeIDE integrated)
2024-05-22 16:36:15,173 [INFO] UserAuth:415 - Internet connection configuration mode: 2
2024-05-22 16:36:15,370 [INFO] CheckServerUpdateThread:120 - End of CheckServer Thread
2024-05-22 16:36:16,233 [WARN] PackLoader:240 - Cannot read IP mode file for STMicroelectronics.FP-SNS-FLIGHT1.5.0.2
2024-05-22 16:36:16,259 [WARN] PackLoader:240 - Cannot read IP mode file for STMicroelectronics.X-CUBE-DISPLAY.3.0.0
2024-05-22 16:36:16,285 [WARN] PackLoader:240 - Cannot read IP mode file for STMicroelectronics.X-CUBE-BLE1.7.0.0
2024-05-22 16:36:16,313 [WARN] PackLoader:240 - Cannot read IP mode file for STMicroelectronics.X-CUBE-BLEMGR.3.1.0
2024-05-22 16:36:16,331 [WARN] PackLoader:240 - Cannot read IP mode file for STMicroelectronics.FP-SNS-SMARTAG2.1.2.0
2024-05-22 16:36:16,346 [WARN] PackLoader:240 - Cannot read IP mode file for STMicroelectronics.X-CUBE-BLE2.3.3.0
2024-05-22 16:36:16,363 [WARN] PackLoader:240 - Cannot read IP mode file for STMicroelectronics.X-CUBE-NFC4.3.0.0
2024-05-22 16:36:16,377 [WARN] PackLoader:240 - Cannot read IP mode file for STMicroelectronics.FP-ATR-SIGFOX1.3.2.0
2024-05-22 16:36:16,393 [WARN] PackLoader:240 - Cannot read IP mode file for STMicroelectronics.X-CUBE-EEPRMA1.5.1.0
2024-05-22 16:36:16,410 [WARN] PackLoader:240 - Cannot read IP mode file for STMicroelectronics.X-CUBE-GNSS1.6.0.0
2024-05-22 16:36:16,425 [WARN] PackLoader:240 - Cannot read IP mode file for STMicroelectronics.X-CUBE-ISPU.2.0.0
2024-05-22 16:36:16,494 [WARN] PackLoader:240 - Cannot read IP mode file for STMicroelectronics.X-CUBE-MEMS1.10.0.0
2024-05-22 16:36:16,640 [WARN] PackLoader:240 - Cannot read IP mode file for STMicroelectronics.FP-ATR-ASTRA1.2.0.0
2024-05-22 16:36:16,641 [INFO] ThirdParty:978 - Integrity check success = true
2024-05-22 16:36:16,641 [INFO] IntegrityCheckThread:100 - exiting critical section [integrity check]
2024-05-22 16:36:16,641 [INFO] IntegrityCheckThread:103 - End integrity checks thread
2024-05-22 16:36:42,108 [ERROR] LogOutputStream:75 - [STDERR_REDIRECT] 
