19:01:31 **** Incremental Build of configuration Debug for project Comitas_hackathon_CMSIS ****
make -j12 all 
arm-none-eabi-gcc "../Src/SPI_for_TFT.c" -mcpu=cortex-m3 -std=gnu11 -g3 -DDEBUG -DSTM32 -DSTM32F1 -DSTM32F103C6Tx -c -I"C:/Users/denlo/Documents/stm32_projects/Comitas_hackathon/Comitas_hackathon_CMSIS/CMSIS/Inc" -I"C:/Users/denlo/Documents/stm32_projects/Comitas_hackathon/Comitas_hackathon_CMSIS/Inc" -O0 -ffunction-sections -fdata-sections -Wall -fstack-usage -fcyclomatic-complexity -MMD -MP -MF"Src/SPI_for_TFT.d" -MT"Src/SPI_for_TFT.o" --specs=nano.specs -mfloat-abi=soft -mthumb -o "Src/SPI_for_TFT.o"
arm-none-eabi-gcc "../Src/TH02.c" -mcpu=cortex-m3 -std=gnu11 -g3 -DDEBUG -DSTM32 -DSTM32F1 -DSTM32F103C6Tx -c -I"C:/Users/denlo/Documents/stm32_projects/Comitas_hackathon/Comitas_hackathon_CMSIS/CMSIS/Inc" -I"C:/Users/denlo/Documents/stm32_projects/Comitas_hackathon/Comitas_hackathon_CMSIS/Inc" -O0 -ffunction-sections -fdata-sections -Wall -fstack-usage -fcyclomatic-complexity -MMD -MP -MF"Src/TH02.d" -MT"Src/TH02.o" --specs=nano.specs -mfloat-abi=soft -mthumb -o "Src/TH02.o"
arm-none-eabi-gcc "../Src/UART_for_PC.c" -mcpu=cortex-m3 -std=gnu11 -g3 -DDEBUG -DSTM32 -DSTM32F1 -DSTM32F103C6Tx -c -I"C:/Users/denlo/Documents/stm32_projects/Comitas_hackathon/Comitas_hackathon_CMSIS/CMSIS/Inc" -I"C:/Users/denlo/Documents/stm32_projects/Comitas_hackathon/Comitas_hackathon_CMSIS/Inc" -O0 -ffunction-sections -fdata-sections -Wall -fstack-usage -fcyclomatic-complexity -MMD -MP -MF"Src/UART_for_PC.d" -MT"Src/UART_for_PC.o" --specs=nano.specs -mfloat-abi=soft -mthumb -o "Src/UART_for_PC.o"
arm-none-eabi-gcc "../Src/common.c" -mcpu=cortex-m3 -std=gnu11 -g3 -DDEBUG -DSTM32 -DSTM32F1 -DSTM32F103C6Tx -c -I"C:/Users/denlo/Documents/stm32_projects/Comitas_hackathon/Comitas_hackathon_CMSIS/CMSIS/Inc" -I"C:/Users/denlo/Documents/stm32_projects/Comitas_hackathon/Comitas_hackathon_CMSIS/Inc" -O0 -ffunction-sections -fdata-sections -Wall -fstack-usage -fcyclomatic-complexity -MMD -MP -MF"Src/common.d" -MT"Src/common.o" --specs=nano.specs -mfloat-abi=soft -mthumb -o "Src/common.o"
arm-none-eabi-gcc "../Src/ds18b20.c" -mcpu=cortex-m3 -std=gnu11 -g3 -DDEBUG -DSTM32 -DSTM32F1 -DSTM32F103C6Tx -c -I"C:/Users/denlo/Documents/stm32_projects/Comitas_hackathon/Comitas_hackathon_CMSIS/CMSIS/Inc" -I"C:/Users/denlo/Documents/stm32_projects/Comitas_hackathon/Comitas_hackathon_CMSIS/Inc" -O0 -ffunction-sections -fdata-sections -Wall -fstack-usage -fcyclomatic-complexity -MMD -MP -MF"Src/ds18b20.d" -MT"Src/ds18b20.o" --specs=nano.specs -mfloat-abi=soft -mthumb -o "Src/ds18b20.o"
arm-none-eabi-gcc "../Src/main.c" -mcpu=cortex-m3 -std=gnu11 -g3 -DDEBUG -DSTM32 -DSTM32F1 -DSTM32F103C6Tx -c -I"C:/Users/denlo/Documents/stm32_projects/Comitas_hackathon/Comitas_hackathon_CMSIS/CMSIS/Inc" -I"C:/Users/denlo/Documents/stm32_projects/Comitas_hackathon/Comitas_hackathon_CMSIS/Inc" -O0 -ffunction-sections -fdata-sections -Wall -fstack-usage -fcyclomatic-complexity -MMD -MP -MF"Src/main.d" -MT"Src/main.o" --specs=nano.specs -mfloat-abi=soft -mthumb -o "Src/main.o"
In file included from C:/Users/denlo/Documents/stm32_projects/Comitas_hackathon/Comitas_hackathon_CMSIS/Inc/common.h:4,
                 from C:/Users/denlo/Documents/stm32_projects/Comitas_hackathon/Comitas_hackathon_CMSIS/Inc/SPI_for_TFT.h:4,
                 from ../Src/SPI_for_TFT.c:7:
C:/Users/denlo/Documents/stm32_projects/Comitas_hackathon/Comitas_hackathon_CMSIS/CMSIS/Inc/stm32f1xx.h:62:30: warning: "/*" within comment [-Wcomment]
   62 |   /* #define STM32F103C6     /*!< STM32F100C4, STM32F100R4, STM32F100C6, STM32F100R6, STM32F100C8, STM32F100R8, STM32F100V8, STM32F100CB, STM32F100RB and STM32F100VB */
      |                               
In file included from C:/Users/denlo/Documents/stm32_projects/Comitas_hackathon/Comitas_hackathon_CMSIS/Inc/common.h:4,
                 from C:/Users/denlo/Documents/stm32_projects/Comitas_hackathon/Comitas_hackathon_CMSIS/Inc/TH02.h:5,
                 from ../Src/TH02.c:3:
C:/Users/denlo/Documents/stm32_projects/Comitas_hackathon/Comitas_hackathon_CMSIS/CMSIS/Inc/stm32f1xx.h:62:30: warning: "/*" within comment [-Wcomment]
   62 |   /* #define STM32F103C6     /*!< STM32F100C4, STM32F100R4, STM32F100C6, STM32F100R6, STM32F100C8, STM32F100R8, STM32F100V8, STM32F100CB, STM32F100RB and STM32F100VB */
      |                               
In file included from C:/Users/denlo/Documents/stm32_projects/Comitas_hackathon/Comitas_hackathon_CMSIS/Inc/common.h:4,
                 from C:/Users/denlo/Documents/stm32_projects/Comitas_hackathon/Comitas_hackathon_CMSIS/Inc/UART_for_PC.h:11,
                 from ../Src/UART_for_PC.c:8:
C:/Users/denlo/Documents/stm32_projects/Comitas_hackathon/Comitas_hackathon_CMSIS/CMSIS/Inc/stm32f1xx.h:62:30: warning: "/*" within comment [-Wcomment]
   62 |   /* #define STM32F103C6     /*!< STM32F100C4, STM32F100R4, STM32F100C6, STM32F100R6, STM32F100C8, STM32F100R8, STM32F100V8, STM32F100CB, STM32F100RB and STM32F100VB */
      |                               
In file included from C:/Users/denlo/Documents/stm32_projects/Comitas_hackathon/Comitas_hackathon_CMSIS/Inc/common.h:4,
                 from ../Src/common.c:1:
C:/Users/denlo/Documents/stm32_projects/Comitas_hackathon/Comitas_hackathon_CMSIS/CMSIS/Inc/stm32f1xx.h:62:30: warning: "/*" within comment [-Wcomment]
   62 |   /* #define STM32F103C6     /*!< STM32F100C4, STM32F100R4, STM32F100C6, STM32F100R6, STM32F100C8, STM32F100R8, STM32F100V8, STM32F100CB, STM32F100RB and STM32F100VB */
      |                               
In file included from C:/Users/denlo/Documents/stm32_projects/Comitas_hackathon/Comitas_hackathon_CMSIS/Inc/common.h:4,
                 from C:/Users/denlo/Documents/stm32_projects/Comitas_hackathon/Comitas_hackathon_CMSIS/Inc/ds18b20.h:4,
                 from ../Src/ds18b20.c:1:
C:/Users/denlo/Documents/stm32_projects/Comitas_hackathon/Comitas_hackathon_CMSIS/CMSIS/Inc/stm32f1xx.h:62:30: warning: "/*" within comment [-Wcomment]
   62 |   /* #define STM32F103C6     /*!< STM32F100C4, STM32F100R4, STM32F100C6, STM32F100R6, STM32F100C8, STM32F100R8, STM32F100V8, STM32F100CB, STM32F100RB and STM32F100VB */
      |                               
In file included from C:/Users/denlo/Documents/stm32_projects/Comitas_hackathon/Comitas_hackathon_CMSIS/Inc/common.h:4,
                 from C:/Users/denlo/Documents/stm32_projects/Comitas_hackathon/Comitas_hackathon_CMSIS/Inc/ds18b20.h:4,
                 from ../Src/main.c:1:
C:/Users/denlo/Documents/stm32_projects/Comitas_hackathon/Comitas_hackathon_CMSIS/CMSIS/Inc/stm32f1xx.h:62:30: warning: "/*" within comment [-Wcomment]
   62 |   /* #define STM32F103C6     /*!< STM32F100C4, STM32F100R4, STM32F100C6, STM32F100R6, STM32F100C8, STM32F100R8, STM32F100V8, STM32F100CB, STM32F100RB and STM32F100VB */
      |                               
../Src/TH02.c: In function 'I2C_Get_Data':
../Src/TH02.c:77:13: warning: unused variable 'i' [-Wunused-variable]
   77 |         int i = 0;
      |             ^
../Src/common.c: In function 'reset_output_data':
../Src/common.c:7:27: warning: pointer targets in passing argument 1 of 'strcpy' differ in signedness [-Wpointer-sign]
    7 |         strcpy(output_data.string_comitas, "Comitas Akademya\r\n");
      |                ~~~~~~~~~~~^~~~~~~~~~~~~~~
      |                           |
      |                           uint8_t * {aka unsigned char *}
In file included from C:/Users/denlo/Documents/stm32_projects/Comitas_hackathon/Comitas_hackathon_CMSIS/Inc/common.h:5:
D:\Cube\STM32CubeIDE_1.15.1\STM32CubeIDE\plugins\com.st.stm32cube.ide.mcu.externaltools.gnu-tools-for-stm32.12.3.rel1.win32_1.0.100.202403111256\tools\bin/../lib/gcc/arm-none-eabi/12.3.1/../../../../arm-none-eabi/include/string.h:38:18: note: expected 'char * restrict' but argument is of type 'uint8_t *' {aka 'unsigned char *'}
   38 | char    *strcpy (char *__restrict, const char *__restrict);
      |                  ^
arm-none-eabi-gcc -o "Comitas_hackathon_CMSIS.elf" @"objects.list"   -mcpu=cortex-m3 -T"C:\Users\denlo\Documents\stm32_projects\Comitas_hackathon\Comitas_hackathon_CMSIS\STM32F103C6TX_FLASH.ld" --specs=nosys.specs -Wl,-Map="Comitas_hackathon_CMSIS.map" -Wl,--gc-sections -static --specs=nano.specs -mfloat-abi=soft -mthumb -u _printf_float -Wl,--start-group -lc -lm -Wl,--end-group
Finished building target: Comitas_hackathon_CMSIS.elf
 
arm-none-eabi-size  Comitas_hackathon_CMSIS.elf 
arm-none-eabi-objdump -h -S Comitas_hackathon_CMSIS.elf  > "Comitas_hackathon_CMSIS.list"
arm-none-eabi-objcopy  -O ihex Comitas_hackathon_CMSIS.elf  "Comitas_hackathon_CMSIS.hex"
   text	   data	    bss	    dec	    hex	filename
  19200	    460	   2460	  22120	   5668	Comitas_hackathon_CMSIS.elf
Finished building: default.size.stdout
 
Finished building: Comitas_hackathon_CMSIS.hex
 
Finished building: Comitas_hackathon_CMSIS.list
 
